<?xml version="1.0" encoding="UTF-8"?>
<testng-results ignored="0" total="1" passed="1" failed="0" skipped="0">
  <reporter-output>
  </reporter-output>
  <suite started-at="2025-06-12T14:48:44 IST" name="Default suite" finished-at="2025-06-12T14:48:53 IST" duration-ms="8636">
    <groups>
    </groups>
    <test started-at="2025-06-12T14:48:44 IST" name="Default test" finished-at="2025-06-12T14:48:53 IST" duration-ms="8636">
      <class name="tests.LoginTest">
        <test-method is-config="true" signature="setup()[pri:0, instance:tests.LoginTest@54e1c68b]" started-at="2025-06-12T14:48:44 IST" name="setup" finished-at="2025-06-12T14:48:48 IST" duration-ms="3712" status="PASS">
          <reporter-output>
          </reporter-output>
        </test-method> <!-- setup -->
        <test-method signature="testLogin()[pri:0, instance:tests.LoginTest@54e1c68b]" started-at="2025-06-12T14:48:48 IST" name="testLogin" finished-at="2025-06-12T14:48:52 IST" duration-ms="4326" status="PASS">
          <reporter-output>
          </reporter-output>
        </test-method> <!-- testLogin -->
        <test-method is-config="true" signature="teardown()[pri:0, instance:tests.LoginTest@54e1c68b]" started-at="2025-06-12T14:48:52 IST" name="teardown" finished-at="2025-06-12T14:48:53 IST" duration-ms="505" status="PASS">
          <reporter-output>
          </reporter-output>
        </test-method> <!-- teardown -->
      </class> <!-- tests.LoginTest -->
    </test> <!-- Default test -->
  </suite> <!-- Default suite -->
</testng-results>
