<?xml version="1.0" encoding="UTF-8"?>
<testng-results ignored="0" total="1" passed="1" failed="0" skipped="0">
  <reporter-output>
  </reporter-output>
  <suite started-at="2025-06-19T14:57:06 IST" name="Default suite" finished-at="2025-06-19T14:57:21 IST" duration-ms="14834">
    <groups>
    </groups>
    <test started-at="2025-06-19T14:57:06 IST" name="Default test" finished-at="2025-06-19T14:57:21 IST" duration-ms="14834">
      <class name="tests.LoginTest">
        <test-method is-config="true" signature="setup()[pri:0, instance:tests.LoginTest@7d4f9aae]" started-at="2025-06-19T14:57:06 IST" name="setup" finished-at="2025-06-19T14:57:09 IST" duration-ms="3223" status="PASS">
          <reporter-output>
          </reporter-output>
        </test-method> <!-- setup -->
        <test-method signature="testLogin()[pri:0, instance:tests.LoginTest@7d4f9aae]" started-at="2025-06-19T14:57:09 IST" name="testLogin" finished-at="2025-06-19T14:57:21 IST" duration-ms="11498" status="PASS">
          <reporter-output>
          </reporter-output>
        </test-method> <!-- testLogin -->
      </class> <!-- tests.LoginTest -->
    </test> <!-- Default test -->
  </suite> <!-- Default suite -->
</testng-results>
